<?xml version="1.0" encoding="UTF-8"?>
<!-- Generated by org.testng.reporters.JUnitReportReporter -->
<testsuite hostname="DESKTOP-UJQAFN8" failures="0" tests="1" name="com.hybridFramework.testCases.TC_AddNewCustomer_Datadriven" time="4.710" errors="0" timestamp="2022-05-31T23:26:15 IST" skipped="0">
  <testcase classname="com.hybridFramework.testCases.TC_AddNewCustomer_Datadriven" name="addCustomer" time="4.710"/>
  <system-out>
    <![CDATA[mngr410597
tAzEhEg
qwerty
male
abcd]]>
  </system-out>
</testsuite> <!-- com.hybridFramework.testCases.TC_AddNewCustomer_Datadriven -->
