<?xml version="1.0" encoding="UTF-8"?>
<!-- Generated by org.testng.reporters.JUnitReportReporter -->
<testsuite hostname="DESKTOP-UJQAFN8" failures="0" tests="1" name="com.hybridFramework.testCases.TC_LoginTest_001" time="2.840" errors="0" timestamp="2022-04-26T13:23:28 IST" skipped="0">
  <testcase classname="com.hybridFramework.testCases.TC_LoginTest_001" name="loginTest" time="2.840"/>
  <system-out/>
</testsuite> <!-- com.hybridFramework.testCases.TC_LoginTest_001 -->
