<?xml version="1.0" encoding="UTF-8"?>
<!-- Generated by org.testng.reporters.JUnitReportReporter -->
<testsuite hostname="DESKTOP-UJQAFN8" failures="0" tests="1" name="com.hybridFramework.testCases.TC_AddNewCustomer_01" time="11.528" errors="0" timestamp="2022-06-10T13:12:56 IST" skipped="0">
  <testcase classname="com.hybridFramework.testCases.TC_AddNewCustomer_01" name="addNewCustomer" time="11.528"/>
  <system-out>
    <![CDATA[mngr410597
tAzEhEg
tjvkG@gmail.com]]>
  </system-out>
</testsuite> <!-- com.hybridFramework.testCases.TC_AddNewCustomer_01 -->
